[2020-10-29 15:06:43,352] SEVERE {b7a.log.crash} - org.wso2.ballerinalang.compiler.tree.expressions.BLangTypeInit cannot be cast to org.wso2.ballerinalang.compiler.tree.expressions.BLangVariableReference 
java.lang.ClassCastException: org.wso2.ballerinalang.compiler.tree.expressions.BLangTypeInit cannot be cast to org.wso2.ballerinalang.compiler.tree.expressions.BLangVariableReference
	at org.wso2.ballerinalang.compiler.semantics.analyzer.TypeChecker.checkActionInvocation(TypeChecker.java:5057)
	at org.wso2.ballerinalang.compiler.semantics.analyzer.TypeChecker.visit(TypeChecker.java:2692)
	at org.wso2.ballerinalang.compiler.tree.expressions.BLangInvocation$BLangActionInvocation.accept(BLangInvocation.java:218)
	at org.wso2.ballerinalang.compiler.semantics.analyzer.TypeChecker.checkExpr(TypeChecker.java:361)
	at org.wso2.ballerinalang.compiler.semantics.analyzer.TypeChecker.checkExpr(TypeChecker.java:340)
	at org.wso2.ballerinalang.compiler.semantics.analyzer.SemanticAnalyzer.handleDeclaredWithVar(SemanticAnalyzer.java:849)
	at org.wso2.ballerinalang.compiler.semantics.analyzer.SemanticAnalyzer.visit(SemanticAnalyzer.java:596)
	at org.wso2.ballerinalang.compiler.tree.BLangSimpleVariable.accept(BLangSimpleVariable.java:53)
	at org.wso2.ballerinalang.compiler.semantics.analyzer.SemanticAnalyzer.analyzeNode(SemanticAnalyzer.java:2791)
	at org.wso2.ballerinalang.compiler.semantics.analyzer.SemanticAnalyzer.analyzeNode(SemanticAnalyzer.java:2759)
	at org.wso2.ballerinalang.compiler.semantics.analyzer.SemanticAnalyzer.analyzeDef(SemanticAnalyzer.java:2751)
	at org.wso2.ballerinalang.compiler.semantics.analyzer.SemanticAnalyzer.visit(SemanticAnalyzer.java:1678)
	at org.wso2.ballerinalang.compiler.tree.statements.BLangSimpleVariableDef.accept(BLangSimpleVariableDef.java:46)
	at org.wso2.ballerinalang.compiler.semantics.analyzer.SemanticAnalyzer.analyzeNode(SemanticAnalyzer.java:2791)
	at org.wso2.ballerinalang.compiler.semantics.analyzer.SemanticAnalyzer.analyzeNode(SemanticAnalyzer.java:2759)
	at org.wso2.ballerinalang.compiler.semantics.analyzer.SemanticAnalyzer.analyzeStmt(SemanticAnalyzer.java:2755)
	at org.wso2.ballerinalang.compiler.semantics.analyzer.SemanticAnalyzer.visit(SemanticAnalyzer.java:374)
	at org.wso2.ballerinalang.compiler.tree.BLangBlockFunctionBody.accept(BLangBlockFunctionBody.java:58)
	at org.wso2.ballerinalang.compiler.semantics.analyzer.SemanticAnalyzer.analyzeNode(SemanticAnalyzer.java:2791)
	at org.wso2.ballerinalang.compiler.semantics.analyzer.SemanticAnalyzer.visit(SemanticAnalyzer.java:346)
	at org.wso2.ballerinalang.compiler.tree.BLangFunction.accept(BLangFunction.java:73)
	at org.wso2.ballerinalang.compiler.semantics.analyzer.SemanticAnalyzer.analyzeNode(SemanticAnalyzer.java:2791)
	at org.wso2.ballerinalang.compiler.semantics.analyzer.SemanticAnalyzer.analyzeNode(SemanticAnalyzer.java:2759)
	at org.wso2.ballerinalang.compiler.semantics.analyzer.SemanticAnalyzer.analyzeDef(SemanticAnalyzer.java:2751)
	at org.wso2.ballerinalang.compiler.semantics.analyzer.SemanticAnalyzer.visit(SemanticAnalyzer.java:269)
	at org.wso2.ballerinalang.compiler.tree.BLangPackage.accept(BLangPackage.java:158)
	at org.wso2.ballerinalang.compiler.semantics.analyzer.SemanticAnalyzer.analyze(SemanticAnalyzer.java:243)
	at org.wso2.ballerinalang.compiler.CompilerDriver.typeCheck(CompilerDriver.java:329)
	at org.wso2.ballerinalang.compiler.CompilerDriver.compile(CompilerDriver.java:258)
	at org.wso2.ballerinalang.compiler.CompilerDriver.compilePackageSymbol(CompilerDriver.java:250)
	at org.wso2.ballerinalang.compiler.CompilerDriver.compilePackage(CompilerDriver.java:142)
	at org.wso2.ballerinalang.compiler.Compiler.compilePackages(Compiler.java:176)
	at org.wso2.ballerinalang.compiler.Compiler.compilePackages(Compiler.java:147)
	at org.ballerinalang.packerina.task.CompileTask.execute(CompileTask.java:69)
	at org.ballerinalang.packerina.TaskExecutor.executeTasks(TaskExecutor.java:38)
	at org.ballerinalang.packerina.cmd.BuildCommand.execute(BuildCommand.java:436)
	at java.util.Optional.ifPresent(Optional.java:159)
	at org.ballerinalang.tool.Main.main(Main.java:57)
 
[2020-10-29 15:09:20,943] SEVERE {b7a.log.crash} - org.wso2.ballerinalang.compiler.tree.expressions.BLangTypeInit cannot be cast to org.wso2.ballerinalang.compiler.tree.expressions.BLangVariableReference 
java.lang.ClassCastException: org.wso2.ballerinalang.compiler.tree.expressions.BLangTypeInit cannot be cast to org.wso2.ballerinalang.compiler.tree.expressions.BLangVariableReference
	at org.wso2.ballerinalang.compiler.semantics.analyzer.TypeChecker.checkActionInvocation(TypeChecker.java:5057)
	at org.wso2.ballerinalang.compiler.semantics.analyzer.TypeChecker.visit(TypeChecker.java:2692)
	at org.wso2.ballerinalang.compiler.tree.expressions.BLangInvocation$BLangActionInvocation.accept(BLangInvocation.java:218)
	at org.wso2.ballerinalang.compiler.semantics.analyzer.TypeChecker.checkExpr(TypeChecker.java:361)
	at org.wso2.ballerinalang.compiler.semantics.analyzer.TypeChecker.checkExpr(TypeChecker.java:340)
	at org.wso2.ballerinalang.compiler.semantics.analyzer.SemanticAnalyzer.handleDeclaredWithVar(SemanticAnalyzer.java:849)
	at org.wso2.ballerinalang.compiler.semantics.analyzer.SemanticAnalyzer.visit(SemanticAnalyzer.java:596)
	at org.wso2.ballerinalang.compiler.tree.BLangSimpleVariable.accept(BLangSimpleVariable.java:53)
	at org.wso2.ballerinalang.compiler.semantics.analyzer.SemanticAnalyzer.analyzeNode(SemanticAnalyzer.java:2791)
	at org.wso2.ballerinalang.compiler.semantics.analyzer.SemanticAnalyzer.analyzeNode(SemanticAnalyzer.java:2759)
	at org.wso2.ballerinalang.compiler.semantics.analyzer.SemanticAnalyzer.analyzeDef(SemanticAnalyzer.java:2751)
	at org.wso2.ballerinalang.compiler.semantics.analyzer.SemanticAnalyzer.visit(SemanticAnalyzer.java:1678)
	at org.wso2.ballerinalang.compiler.tree.statements.BLangSimpleVariableDef.accept(BLangSimpleVariableDef.java:46)
	at org.wso2.ballerinalang.compiler.semantics.analyzer.SemanticAnalyzer.analyzeNode(SemanticAnalyzer.java:2791)
	at org.wso2.ballerinalang.compiler.semantics.analyzer.SemanticAnalyzer.analyzeNode(SemanticAnalyzer.java:2759)
	at org.wso2.ballerinalang.compiler.semantics.analyzer.SemanticAnalyzer.analyzeStmt(SemanticAnalyzer.java:2755)
	at org.wso2.ballerinalang.compiler.semantics.analyzer.SemanticAnalyzer.visit(SemanticAnalyzer.java:374)
	at org.wso2.ballerinalang.compiler.tree.BLangBlockFunctionBody.accept(BLangBlockFunctionBody.java:58)
	at org.wso2.ballerinalang.compiler.semantics.analyzer.SemanticAnalyzer.analyzeNode(SemanticAnalyzer.java:2791)
	at org.wso2.ballerinalang.compiler.semantics.analyzer.SemanticAnalyzer.visit(SemanticAnalyzer.java:346)
	at org.wso2.ballerinalang.compiler.tree.BLangFunction.accept(BLangFunction.java:73)
	at org.wso2.ballerinalang.compiler.semantics.analyzer.SemanticAnalyzer.analyzeNode(SemanticAnalyzer.java:2791)
	at org.wso2.ballerinalang.compiler.semantics.analyzer.SemanticAnalyzer.analyzeNode(SemanticAnalyzer.java:2759)
	at org.wso2.ballerinalang.compiler.semantics.analyzer.SemanticAnalyzer.analyzeDef(SemanticAnalyzer.java:2751)
	at org.wso2.ballerinalang.compiler.semantics.analyzer.SemanticAnalyzer.visit(SemanticAnalyzer.java:269)
	at org.wso2.ballerinalang.compiler.tree.BLangPackage.accept(BLangPackage.java:158)
	at org.wso2.ballerinalang.compiler.semantics.analyzer.SemanticAnalyzer.analyze(SemanticAnalyzer.java:243)
	at org.wso2.ballerinalang.compiler.CompilerDriver.typeCheck(CompilerDriver.java:329)
	at org.wso2.ballerinalang.compiler.CompilerDriver.compile(CompilerDriver.java:258)
	at org.wso2.ballerinalang.compiler.CompilerDriver.compilePackageSymbol(CompilerDriver.java:250)
	at org.wso2.ballerinalang.compiler.CompilerDriver.compilePackage(CompilerDriver.java:142)
	at org.wso2.ballerinalang.compiler.Compiler.compilePackages(Compiler.java:176)
	at org.wso2.ballerinalang.compiler.Compiler.compilePackages(Compiler.java:147)
	at org.ballerinalang.packerina.task.CompileTask.execute(CompileTask.java:69)
	at org.ballerinalang.packerina.TaskExecutor.executeTasks(TaskExecutor.java:38)
	at org.ballerinalang.packerina.cmd.BuildCommand.execute(BuildCommand.java:436)
	at java.util.Optional.ifPresent(Optional.java:159)
	at org.ballerinalang.tool.Main.main(Main.java:57)
 
[2020-10-29 15:53:03,268] SEVERE {b7a.log.crash} - there are test failures 
java.lang.RuntimeException: there are test failures
	at org.ballerinalang.test.runtime.util.TesterinaUtils.executeTests(TesterinaUtils.java:77)
	at org.ballerinalang.test.runtime.Main.startTestSuit(Main.java:60)
	at org.ballerinalang.test.runtime.Main.main(Main.java:52)
 
[2020-10-29 16:07:32,151] SEVERE {b7a.log.crash} - there are test failures 
java.lang.RuntimeException: there are test failures
	at org.ballerinalang.test.runtime.util.TesterinaUtils.executeTests(TesterinaUtils.java:77)
	at org.ballerinalang.test.runtime.Main.startTestSuit(Main.java:60)
	at org.ballerinalang.test.runtime.Main.main(Main.java:52)
 
[2020-10-29 16:09:12,739] SEVERE {b7a.log.crash} - there are test failures 
java.lang.RuntimeException: there are test failures
	at org.ballerinalang.test.runtime.util.TesterinaUtils.executeTests(TesterinaUtils.java:77)
	at org.ballerinalang.test.runtime.Main.startTestSuit(Main.java:60)
	at org.ballerinalang.test.runtime.Main.main(Main.java:52)
 
