[2020-10-29 15:41:09,429] SEVERE {b7a.log.crash} - org.wso2.ballerinalang.compiler.tree.expressions.BLangTypeInit cannot be cast to org.wso2.ballerinalang.compiler.tree.expressions.BLangVariableReference 
java.lang.ClassCastException: org.wso2.ballerinalang.compiler.tree.expressions.BLangTypeInit cannot be cast to org.wso2.ballerinalang.compiler.tree.expressions.BLangVariableReference
	at org.wso2.ballerinalang.compiler.semantics.analyzer.TypeChecker.checkActionInvocation(TypeChecker.java:5057)
	at org.wso2.ballerinalang.compiler.semantics.analyzer.TypeChecker.visit(TypeChecker.java:2692)
	at org.wso2.ballerinalang.compiler.tree.expressions.BLangInvocation$BLangActionInvocation.accept(BLangInvocation.java:218)
	at org.wso2.ballerinalang.compiler.semantics.analyzer.TypeChecker.checkExpr(TypeChecker.java:361)
	at org.wso2.ballerinalang.compiler.semantics.analyzer.TypeChecker.checkExpr(TypeChecker.java:340)
	at org.wso2.ballerinalang.compiler.semantics.analyzer.SemanticAnalyzer.handleDeclaredWithVar(SemanticAnalyzer.java:849)
	at org.wso2.ballerinalang.compiler.semantics.analyzer.SemanticAnalyzer.visit(SemanticAnalyzer.java:596)
	at org.wso2.ballerinalang.compiler.tree.BLangSimpleVariable.accept(BLangSimpleVariable.java:53)
	at org.wso2.ballerinalang.compiler.semantics.analyzer.SemanticAnalyzer.analyzeNode(SemanticAnalyzer.java:2791)
	at org.wso2.ballerinalang.compiler.semantics.analyzer.SemanticAnalyzer.analyzeNode(SemanticAnalyzer.java:2759)
	at org.wso2.ballerinalang.compiler.semantics.analyzer.SemanticAnalyzer.analyzeDef(SemanticAnalyzer.java:2751)
	at org.wso2.ballerinalang.compiler.semantics.analyzer.SemanticAnalyzer.visit(SemanticAnalyzer.java:1678)
	at org.wso2.ballerinalang.compiler.tree.statements.BLangSimpleVariableDef.accept(BLangSimpleVariableDef.java:46)
	at org.wso2.ballerinalang.compiler.semantics.analyzer.SemanticAnalyzer.analyzeNode(SemanticAnalyzer.java:2791)
	at org.wso2.ballerinalang.compiler.semantics.analyzer.SemanticAnalyzer.analyzeNode(SemanticAnalyzer.java:2759)
	at org.wso2.ballerinalang.compiler.semantics.analyzer.SemanticAnalyzer.analyzeStmt(SemanticAnalyzer.java:2755)
	at org.wso2.ballerinalang.compiler.semantics.analyzer.SemanticAnalyzer.visit(SemanticAnalyzer.java:374)
	at org.wso2.ballerinalang.compiler.tree.BLangBlockFunctionBody.accept(BLangBlockFunctionBody.java:58)
	at org.wso2.ballerinalang.compiler.semantics.analyzer.SemanticAnalyzer.analyzeNode(SemanticAnalyzer.java:2791)
	at org.wso2.ballerinalang.compiler.semantics.analyzer.SemanticAnalyzer.visit(SemanticAnalyzer.java:346)
	at org.wso2.ballerinalang.compiler.tree.BLangFunction.accept(BLangFunction.java:73)
	at org.wso2.ballerinalang.compiler.semantics.analyzer.SemanticAnalyzer.analyzeNode(SemanticAnalyzer.java:2791)
	at org.wso2.ballerinalang.compiler.semantics.analyzer.SemanticAnalyzer.analyzeNode(SemanticAnalyzer.java:2759)
	at org.wso2.ballerinalang.compiler.semantics.analyzer.SemanticAnalyzer.analyzeDef(SemanticAnalyzer.java:2751)
	at org.wso2.ballerinalang.compiler.semantics.analyzer.SemanticAnalyzer.visit(SemanticAnalyzer.java:269)
	at org.wso2.ballerinalang.compiler.tree.BLangPackage.accept(BLangPackage.java:158)
	at org.wso2.ballerinalang.compiler.semantics.analyzer.SemanticAnalyzer.analyze(SemanticAnalyzer.java:243)
	at org.wso2.ballerinalang.compiler.CompilerDriver.typeCheck(CompilerDriver.java:329)
	at org.wso2.ballerinalang.compiler.CompilerDriver.compile(CompilerDriver.java:258)
	at org.wso2.ballerinalang.compiler.CompilerDriver.compilePackageSymbol(CompilerDriver.java:250)
	at org.wso2.ballerinalang.compiler.CompilerDriver.compilePackage(CompilerDriver.java:142)
	at org.wso2.ballerinalang.compiler.Compiler.compilePackages(Compiler.java:176)
	at org.wso2.ballerinalang.compiler.Compiler.compilePackage(Compiler.java:220)
	at org.wso2.ballerinalang.compiler.Compiler.compile(Compiler.java:101)
	at org.wso2.ballerinalang.compiler.Compiler.build(Compiler.java:109)
	at org.ballerinalang.packerina.task.CompileTask.execute(CompileTask.java:58)
	at org.ballerinalang.packerina.TaskExecutor.executeTasks(TaskExecutor.java:38)
	at org.ballerinalang.packerina.cmd.RunCommand.execute(RunCommand.java:297)
	at java.util.Optional.ifPresent(Optional.java:159)
	at org.ballerinalang.tool.Main.main(Main.java:57)
 
[2020-10-29 15:41:23,838] SEVERE {b7a.log.crash} - org.wso2.ballerinalang.compiler.tree.expressions.BLangTypeInit cannot be cast to org.wso2.ballerinalang.compiler.tree.expressions.BLangVariableReference 
java.lang.ClassCastException: org.wso2.ballerinalang.compiler.tree.expressions.BLangTypeInit cannot be cast to org.wso2.ballerinalang.compiler.tree.expressions.BLangVariableReference
	at org.wso2.ballerinalang.compiler.semantics.analyzer.TypeChecker.checkActionInvocation(TypeChecker.java:5057)
	at org.wso2.ballerinalang.compiler.semantics.analyzer.TypeChecker.visit(TypeChecker.java:2692)
	at org.wso2.ballerinalang.compiler.tree.expressions.BLangInvocation$BLangActionInvocation.accept(BLangInvocation.java:218)
	at org.wso2.ballerinalang.compiler.semantics.analyzer.TypeChecker.checkExpr(TypeChecker.java:361)
	at org.wso2.ballerinalang.compiler.semantics.analyzer.TypeChecker.checkExpr(TypeChecker.java:340)
	at org.wso2.ballerinalang.compiler.semantics.analyzer.SemanticAnalyzer.handleDeclaredWithVar(SemanticAnalyzer.java:849)
	at org.wso2.ballerinalang.compiler.semantics.analyzer.SemanticAnalyzer.visit(SemanticAnalyzer.java:596)
	at org.wso2.ballerinalang.compiler.tree.BLangSimpleVariable.accept(BLangSimpleVariable.java:53)
	at org.wso2.ballerinalang.compiler.semantics.analyzer.SemanticAnalyzer.analyzeNode(SemanticAnalyzer.java:2791)
	at org.wso2.ballerinalang.compiler.semantics.analyzer.SemanticAnalyzer.analyzeNode(SemanticAnalyzer.java:2759)
	at org.wso2.ballerinalang.compiler.semantics.analyzer.SemanticAnalyzer.analyzeDef(SemanticAnalyzer.java:2751)
	at org.wso2.ballerinalang.compiler.semantics.analyzer.SemanticAnalyzer.visit(SemanticAnalyzer.java:1678)
	at org.wso2.ballerinalang.compiler.tree.statements.BLangSimpleVariableDef.accept(BLangSimpleVariableDef.java:46)
	at org.wso2.ballerinalang.compiler.semantics.analyzer.SemanticAnalyzer.analyzeNode(SemanticAnalyzer.java:2791)
	at org.wso2.ballerinalang.compiler.semantics.analyzer.SemanticAnalyzer.analyzeNode(SemanticAnalyzer.java:2759)
	at org.wso2.ballerinalang.compiler.semantics.analyzer.SemanticAnalyzer.analyzeStmt(SemanticAnalyzer.java:2755)
	at org.wso2.ballerinalang.compiler.semantics.analyzer.SemanticAnalyzer.visit(SemanticAnalyzer.java:374)
	at org.wso2.ballerinalang.compiler.tree.BLangBlockFunctionBody.accept(BLangBlockFunctionBody.java:58)
	at org.wso2.ballerinalang.compiler.semantics.analyzer.SemanticAnalyzer.analyzeNode(SemanticAnalyzer.java:2791)
	at org.wso2.ballerinalang.compiler.semantics.analyzer.SemanticAnalyzer.visit(SemanticAnalyzer.java:346)
	at org.wso2.ballerinalang.compiler.tree.BLangFunction.accept(BLangFunction.java:73)
	at org.wso2.ballerinalang.compiler.semantics.analyzer.SemanticAnalyzer.analyzeNode(SemanticAnalyzer.java:2791)
	at org.wso2.ballerinalang.compiler.semantics.analyzer.SemanticAnalyzer.analyzeNode(SemanticAnalyzer.java:2759)
	at org.wso2.ballerinalang.compiler.semantics.analyzer.SemanticAnalyzer.analyzeDef(SemanticAnalyzer.java:2751)
	at org.wso2.ballerinalang.compiler.semantics.analyzer.SemanticAnalyzer.visit(SemanticAnalyzer.java:269)
	at org.wso2.ballerinalang.compiler.tree.BLangPackage.accept(BLangPackage.java:158)
	at org.wso2.ballerinalang.compiler.semantics.analyzer.SemanticAnalyzer.analyze(SemanticAnalyzer.java:243)
	at org.wso2.ballerinalang.compiler.CompilerDriver.typeCheck(CompilerDriver.java:329)
	at org.wso2.ballerinalang.compiler.CompilerDriver.compile(CompilerDriver.java:258)
	at org.wso2.ballerinalang.compiler.CompilerDriver.compilePackageSymbol(CompilerDriver.java:250)
	at org.wso2.ballerinalang.compiler.CompilerDriver.compilePackage(CompilerDriver.java:142)
	at org.wso2.ballerinalang.compiler.Compiler.compilePackages(Compiler.java:176)
	at org.wso2.ballerinalang.compiler.Compiler.compilePackages(Compiler.java:147)
	at org.ballerinalang.packerina.task.CompileTask.execute(CompileTask.java:69)
	at org.ballerinalang.packerina.TaskExecutor.executeTasks(TaskExecutor.java:38)
	at org.ballerinalang.packerina.cmd.BuildCommand.execute(BuildCommand.java:436)
	at java.util.Optional.ifPresent(Optional.java:159)
	at org.ballerinalang.tool.Main.main(Main.java:57)
 
[2020-10-29 15:42:35,509] SEVERE {b7a.log.crash} - org.wso2.ballerinalang.compiler.tree.expressions.BLangTypeInit cannot be cast to org.wso2.ballerinalang.compiler.tree.expressions.BLangVariableReference 
java.lang.ClassCastException: org.wso2.ballerinalang.compiler.tree.expressions.BLangTypeInit cannot be cast to org.wso2.ballerinalang.compiler.tree.expressions.BLangVariableReference
	at org.wso2.ballerinalang.compiler.semantics.analyzer.TypeChecker.checkActionInvocation(TypeChecker.java:5057)
	at org.wso2.ballerinalang.compiler.semantics.analyzer.TypeChecker.visit(TypeChecker.java:2692)
	at org.wso2.ballerinalang.compiler.tree.expressions.BLangInvocation$BLangActionInvocation.accept(BLangInvocation.java:218)
	at org.wso2.ballerinalang.compiler.semantics.analyzer.TypeChecker.checkExpr(TypeChecker.java:361)
	at org.wso2.ballerinalang.compiler.semantics.analyzer.TypeChecker.checkExpr(TypeChecker.java:340)
	at org.wso2.ballerinalang.compiler.semantics.analyzer.SemanticAnalyzer.handleDeclaredWithVar(SemanticAnalyzer.java:849)
	at org.wso2.ballerinalang.compiler.semantics.analyzer.SemanticAnalyzer.visit(SemanticAnalyzer.java:596)
	at org.wso2.ballerinalang.compiler.tree.BLangSimpleVariable.accept(BLangSimpleVariable.java:53)
	at org.wso2.ballerinalang.compiler.semantics.analyzer.SemanticAnalyzer.analyzeNode(SemanticAnalyzer.java:2791)
	at org.wso2.ballerinalang.compiler.semantics.analyzer.SemanticAnalyzer.analyzeNode(SemanticAnalyzer.java:2759)
	at org.wso2.ballerinalang.compiler.semantics.analyzer.SemanticAnalyzer.analyzeDef(SemanticAnalyzer.java:2751)
	at org.wso2.ballerinalang.compiler.semantics.analyzer.SemanticAnalyzer.visit(SemanticAnalyzer.java:1678)
	at org.wso2.ballerinalang.compiler.tree.statements.BLangSimpleVariableDef.accept(BLangSimpleVariableDef.java:46)
	at org.wso2.ballerinalang.compiler.semantics.analyzer.SemanticAnalyzer.analyzeNode(SemanticAnalyzer.java:2791)
	at org.wso2.ballerinalang.compiler.semantics.analyzer.SemanticAnalyzer.analyzeNode(SemanticAnalyzer.java:2759)
	at org.wso2.ballerinalang.compiler.semantics.analyzer.SemanticAnalyzer.analyzeStmt(SemanticAnalyzer.java:2755)
	at org.wso2.ballerinalang.compiler.semantics.analyzer.SemanticAnalyzer.visit(SemanticAnalyzer.java:374)
	at org.wso2.ballerinalang.compiler.tree.BLangBlockFunctionBody.accept(BLangBlockFunctionBody.java:58)
	at org.wso2.ballerinalang.compiler.semantics.analyzer.SemanticAnalyzer.analyzeNode(SemanticAnalyzer.java:2791)
	at org.wso2.ballerinalang.compiler.semantics.analyzer.SemanticAnalyzer.visit(SemanticAnalyzer.java:346)
	at org.wso2.ballerinalang.compiler.tree.BLangFunction.accept(BLangFunction.java:73)
	at org.wso2.ballerinalang.compiler.semantics.analyzer.SemanticAnalyzer.analyzeNode(SemanticAnalyzer.java:2791)
	at org.wso2.ballerinalang.compiler.semantics.analyzer.SemanticAnalyzer.analyzeNode(SemanticAnalyzer.java:2759)
	at org.wso2.ballerinalang.compiler.semantics.analyzer.SemanticAnalyzer.analyzeDef(SemanticAnalyzer.java:2751)
	at org.wso2.ballerinalang.compiler.semantics.analyzer.SemanticAnalyzer.visit(SemanticAnalyzer.java:269)
	at org.wso2.ballerinalang.compiler.tree.BLangPackage.accept(BLangPackage.java:158)
	at org.wso2.ballerinalang.compiler.semantics.analyzer.SemanticAnalyzer.analyze(SemanticAnalyzer.java:243)
	at org.wso2.ballerinalang.compiler.CompilerDriver.typeCheck(CompilerDriver.java:329)
	at org.wso2.ballerinalang.compiler.CompilerDriver.compile(CompilerDriver.java:258)
	at org.wso2.ballerinalang.compiler.CompilerDriver.compilePackageSymbol(CompilerDriver.java:250)
	at org.wso2.ballerinalang.compiler.CompilerDriver.compilePackage(CompilerDriver.java:142)
	at org.wso2.ballerinalang.compiler.Compiler.compilePackages(Compiler.java:176)
	at org.wso2.ballerinalang.compiler.Compiler.compilePackages(Compiler.java:147)
	at org.ballerinalang.packerina.task.CompileTask.execute(CompileTask.java:69)
	at org.ballerinalang.packerina.TaskExecutor.executeTasks(TaskExecutor.java:38)
	at org.ballerinalang.packerina.cmd.BuildCommand.execute(BuildCommand.java:436)
	at java.util.Optional.ifPresent(Optional.java:159)
	at org.ballerinalang.tool.Main.main(Main.java:57)
 
[2020-10-29 15:50:20,385] SEVERE {b7a.log.crash} - org.wso2.ballerinalang.compiler.tree.expressions.BLangTypeInit cannot be cast to org.wso2.ballerinalang.compiler.tree.expressions.BLangVariableReference 
java.lang.ClassCastException: org.wso2.ballerinalang.compiler.tree.expressions.BLangTypeInit cannot be cast to org.wso2.ballerinalang.compiler.tree.expressions.BLangVariableReference
	at org.wso2.ballerinalang.compiler.semantics.analyzer.TypeChecker.checkActionInvocation(TypeChecker.java:5057)
	at org.wso2.ballerinalang.compiler.semantics.analyzer.TypeChecker.visit(TypeChecker.java:2692)
	at org.wso2.ballerinalang.compiler.tree.expressions.BLangInvocation$BLangActionInvocation.accept(BLangInvocation.java:218)
	at org.wso2.ballerinalang.compiler.semantics.analyzer.TypeChecker.checkExpr(TypeChecker.java:361)
	at org.wso2.ballerinalang.compiler.semantics.analyzer.TypeChecker.checkExpr(TypeChecker.java:340)
	at org.wso2.ballerinalang.compiler.semantics.analyzer.SemanticAnalyzer.handleDeclaredWithVar(SemanticAnalyzer.java:849)
	at org.wso2.ballerinalang.compiler.semantics.analyzer.SemanticAnalyzer.visit(SemanticAnalyzer.java:596)
	at org.wso2.ballerinalang.compiler.tree.BLangSimpleVariable.accept(BLangSimpleVariable.java:53)
	at org.wso2.ballerinalang.compiler.semantics.analyzer.SemanticAnalyzer.analyzeNode(SemanticAnalyzer.java:2791)
	at org.wso2.ballerinalang.compiler.semantics.analyzer.SemanticAnalyzer.analyzeNode(SemanticAnalyzer.java:2759)
	at org.wso2.ballerinalang.compiler.semantics.analyzer.SemanticAnalyzer.analyzeDef(SemanticAnalyzer.java:2751)
	at org.wso2.ballerinalang.compiler.semantics.analyzer.SemanticAnalyzer.visit(SemanticAnalyzer.java:1678)
	at org.wso2.ballerinalang.compiler.tree.statements.BLangSimpleVariableDef.accept(BLangSimpleVariableDef.java:46)
	at org.wso2.ballerinalang.compiler.semantics.analyzer.SemanticAnalyzer.analyzeNode(SemanticAnalyzer.java:2791)
	at org.wso2.ballerinalang.compiler.semantics.analyzer.SemanticAnalyzer.analyzeNode(SemanticAnalyzer.java:2759)
	at org.wso2.ballerinalang.compiler.semantics.analyzer.SemanticAnalyzer.analyzeStmt(SemanticAnalyzer.java:2755)
	at org.wso2.ballerinalang.compiler.semantics.analyzer.SemanticAnalyzer.visit(SemanticAnalyzer.java:374)
	at org.wso2.ballerinalang.compiler.tree.BLangBlockFunctionBody.accept(BLangBlockFunctionBody.java:58)
	at org.wso2.ballerinalang.compiler.semantics.analyzer.SemanticAnalyzer.analyzeNode(SemanticAnalyzer.java:2791)
	at org.wso2.ballerinalang.compiler.semantics.analyzer.SemanticAnalyzer.visit(SemanticAnalyzer.java:346)
	at org.wso2.ballerinalang.compiler.tree.BLangFunction.accept(BLangFunction.java:73)
	at org.wso2.ballerinalang.compiler.semantics.analyzer.SemanticAnalyzer.analyzeNode(SemanticAnalyzer.java:2791)
	at org.wso2.ballerinalang.compiler.semantics.analyzer.SemanticAnalyzer.analyzeNode(SemanticAnalyzer.java:2759)
	at org.wso2.ballerinalang.compiler.semantics.analyzer.SemanticAnalyzer.analyzeDef(SemanticAnalyzer.java:2751)
	at org.wso2.ballerinalang.compiler.semantics.analyzer.SemanticAnalyzer.visit(SemanticAnalyzer.java:269)
	at org.wso2.ballerinalang.compiler.tree.BLangPackage.accept(BLangPackage.java:158)
	at org.wso2.ballerinalang.compiler.semantics.analyzer.SemanticAnalyzer.analyze(SemanticAnalyzer.java:243)
	at org.wso2.ballerinalang.compiler.CompilerDriver.typeCheck(CompilerDriver.java:329)
	at org.wso2.ballerinalang.compiler.CompilerDriver.compile(CompilerDriver.java:258)
	at org.wso2.ballerinalang.compiler.CompilerDriver.compilePackageSymbol(CompilerDriver.java:250)
	at org.wso2.ballerinalang.compiler.CompilerDriver.compilePackage(CompilerDriver.java:142)
	at org.wso2.ballerinalang.compiler.Compiler.compilePackages(Compiler.java:176)
	at org.wso2.ballerinalang.compiler.Compiler.compilePackage(Compiler.java:220)
	at org.wso2.ballerinalang.compiler.Compiler.compile(Compiler.java:101)
	at org.wso2.ballerinalang.compiler.Compiler.build(Compiler.java:109)
	at org.ballerinalang.packerina.task.CompileTask.execute(CompileTask.java:58)
	at org.ballerinalang.packerina.TaskExecutor.executeTasks(TaskExecutor.java:38)
	at org.ballerinalang.packerina.cmd.RunCommand.execute(RunCommand.java:297)
	at java.util.Optional.ifPresent(Optional.java:159)
	at org.ballerinalang.tool.Main.main(Main.java:57)
 
